0 info it worked if it ends with ok
1 verbose cli [ 'node',
1 verbose cli   '/Users/pajtai/.nvm/v0.10.31/bin/npm',
1 verbose cli   'update',
1 verbose cli   '-g',
1 verbose cli   'bower' ]
2 info using npm@2.1.17
3 info using node@v0.10.31
4 silly mapToRegistry name bower
5 silly mapToRegistry using default registry
6 silly mapToRegistry registry https://registry.npmjs.org/
7 silly mapToRegistry uri https://registry.npmjs.org/bower
8 verbose request uri https://registry.npmjs.org/bower
9 verbose request no auth needed
10 info attempt registry request try #1 at 13:48:51
11 verbose request id 461c721fece65b0b
12 verbose etag "AKRWNAOS5HHTK72EAN0R17DT9"
13 http request GET https://registry.npmjs.org/bower
14 http 200 https://registry.npmjs.org/bower
15 silly get cb [ 200,
15 silly get   { server: 'CouchDB/1.5.0 (Erlang OTP/R16B03)',
15 silly get     etag: '"83KRK2E5IVYFKL077ON7PCGWB"',
15 silly get     'content-type': 'application/json',
15 silly get     'cache-control': 'max-age=60',
15 silly get     'content-length': '111930',
15 silly get     'accept-ranges': 'bytes',
15 silly get     date: 'Mon, 11 May 2015 20:48:52 GMT',
15 silly get     via: '1.1 varnish',
15 silly get     age: '21',
15 silly get     connection: 'keep-alive',
15 silly get     'x-served-by': 'cache-sjc3123-SJC',
15 silly get     'x-cache': 'HIT',
15 silly get     'x-cache-hits': '1',
15 silly get     'x-timer': 'S1431377332.296570,VS0,VE0',
15 silly get     vary: 'Accept' } ]
16 info outdated updating []
17 verbose stack Error: Failed to parse json
17 verbose stack Unexpected end of input
17 verbose stack     at parseError (/Users/pajtai/.nvm/v0.10.31/lib/node_modules/npm/node_modules/read-package-json/read-json.js:378:25)
17 verbose stack     at parseJson (/Users/pajtai/.nvm/v0.10.31/lib/node_modules/npm/node_modules/read-package-json/read-json.js:85:51)
17 verbose stack     at /Users/pajtai/.nvm/v0.10.31/lib/node_modules/npm/node_modules/read-package-json/read-json.js:59:33
17 verbose stack     at evalmachine.<anonymous>:271:14
17 verbose stack     at /Users/pajtai/.nvm/v0.10.31/lib/node_modules/npm/node_modules/graceful-fs/graceful-fs.js:102:5
17 verbose stack     at Object.oncomplete (evalmachine.<anonymous>:107:15)
18 verbose cwd /Users/pajtai/git/magic-focus-finder
19 error Darwin 14.3.0
20 error argv "node" "/Users/pajtai/.nvm/v0.10.31/bin/npm" "update" "-g" "bower"
21 error node v0.10.31
22 error npm  v2.1.17
23 error file /Users/pajtai/.nvm/v0.10.31/lib/node_modules/bower/node_modules/request/node_modules/http-signature/node_modules/ctype/package.json
24 error code EJSONPARSE
25 error Failed to parse json
25 error Unexpected end of input
26 error File: /Users/pajtai/.nvm/v0.10.31/lib/node_modules/bower/node_modules/request/node_modules/http-signature/node_modules/ctype/package.json
27 error Failed to parse package.json data.
27 error package.json must be actual JSON, not just JavaScript.
27 error
27 error This is not a bug in npm.
27 error Tell the package author to fix their package.json file. JSON.parse
28 verbose exit [ 1, true ]
